<?xml version="1.0" encoding="UTF-8"?>
<!-- Generated by org.testng.reporters.JUnitXMLReporter -->
<testsuite hostname="PavitraRahul" ignored="0" name="Default test" tests="2" failures="0" timestamp="28 Mar 2023 04:29:59 GMT" time="65.916" errors="0">
  <testcase name="handleWebView" time="22.675" classname="rahulProjectTest.android.ECommerce_Tc_DataProvider"/>
  <testcase name="handleWebView" time="22.094" classname="rahulProjectTest.android.ECommerce_Tc_DataProvider"/>
</testsuite> <!-- Default test -->
