<?xml version="1.0" encoding="UTF-8"?>
<!-- Generated by org.testng.reporters.JUnitXMLReporter -->
<testsuite hostname="PavitraRahul" ignored="0" name="ECommerce_Tc" tests="1" failures="0" timestamp="27 Mar 2023 14:14:58 GMT" time="0.097" errors="0">
  <testcase name="@BeforeMethod ConfigureAppium" time="0.072" classname="rahulProjectTest.testUtils.AndroidBaseTestEcommerce">
    <failure type="java.lang.NullPointerException">
      <![CDATA[java.lang.NullPointerException
at io.appium.java_client.service.local.AppiumDriverLocalService.destroyProcess(AppiumDriverLocalService.java:220)
at io.appium.java_client.service.local.AppiumDriverLocalService.destroyProcess(AppiumDriverLocalService.java:253)
at io.appium.java_client.service.local.AppiumDriverLocalService.start(AppiumDriverLocalService.java:176)
at rahulProject.utils.AppiumUtils.startAppiumServer(AppiumUtils.java:42)
at rahulProjectTest.testUtils.AndroidBaseTestEcommerce.ConfigureAppium(AndroidBaseTestEcommerce.java:30)
... Removed 28 stack frames]]>
    </failure>
  </testcase> <!-- @BeforeMethod ConfigureAppium -->
  <testcase name="@AfterMethod teatDown" time="0.0" classname="rahulProjectTest.testUtils.AndroidBaseTestEcommerce">
    <skipped/>
  </testcase> <!-- @AfterMethod teatDown -->
  <testcase name="handleWebView" time="0.0" classname="rahulProjectTest.android.ECommerce_Tc">
    <skipped/>
  </testcase> <!-- handleWebView -->
</testsuite> <!-- ECommerce_Tc -->
