<?xml version="1.0" encoding="UTF-8"?>
<!-- Generated by org.testng.reporters.JUnitXMLReporter -->
<testsuite hostname="PavitraRahul" ignored="0" name="Ecommerce_TC_2" tests="1" failures="0" timestamp="27 Mar 2023 14:14:59 GMT" time="0.007" errors="0">
  <testcase name="@BeforeMethod ConfigureAppium" time="0.002" classname="rahulProjectTest.testUtils.AndroidBaseTestEcommerce">
    <failure type="java.lang.NullPointerException">
      <![CDATA[java.lang.NullPointerException
at io.appium.java_client.service.local.AppiumDriverLocalService.destroyProcess(AppiumDriverLocalService.java:220)
at io.appium.java_client.service.local.AppiumDriverLocalService.destroyProcess(AppiumDriverLocalService.java:253)
at io.appium.java_client.service.local.AppiumDriverLocalService.start(AppiumDriverLocalService.java:176)
at rahulProject.utils.AppiumUtils.startAppiumServer(AppiumUtils.java:42)
at rahulProjectTest.testUtils.AndroidBaseTestEcommerce.ConfigureAppium(AndroidBaseTestEcommerce.java:30)
... Removed 28 stack frames]]>
    </failure>
  </testcase> <!-- @BeforeMethod ConfigureAppium -->
  <testcase name="@AfterMethod teatDown" time="0.0" classname="rahulProjectTest.testUtils.AndroidBaseTestEcommerce">
    <skipped/>
  </testcase> <!-- @AfterMethod teatDown -->
  <testcase name="addAProductToCart" time="0.0" classname="rahulProjectTest.android.Ecommerce_TC_2">
    <skipped/>
  </testcase> <!-- addAProductToCart -->
</testsuite> <!-- Ecommerce_TC_2 -->
